mode: set
github.com/docker/libchan/bus/bus.go:70.20,74.2 1 1
github.com/docker/libchan/bus/bus.go:78.70,81.34 3 1
github.com/docker/libchan/bus/bus.go:84.2,85.12 2 1
github.com/docker/libchan/bus/bus.go:81.34,83.3 1 0
github.com/docker/libchan/bus/bus.go:88.50,89.6 1 1
github.com/docker/libchan/bus/bus.go:89.6,92.17 3 1
github.com/docker/libchan/bus/bus.go:97.3,98.75 2 1
github.com/docker/libchan/bus/bus.go:107.3,109.43 2 1
github.com/docker/libchan/bus/bus.go:92.17,94.9 2 0
github.com/docker/libchan/bus/bus.go:98.75,100.4 1 0
github.com/docker/libchan/bus/bus.go:100.5,100.24 1 1
github.com/docker/libchan/bus/bus.go:100.24,102.9 2 0
github.com/docker/libchan/bus/bus.go:103.5,105.4 1 1
github.com/docker/libchan/bus/bus.go:109.43,111.4 1 0
github.com/docker/libchan/bus/bus.go:118.44,120.16 2 1
github.com/docker/libchan/bus/bus.go:123.2,123.12 1 1
github.com/docker/libchan/bus/bus.go:179.2,179.12 1 1
github.com/docker/libchan/bus/bus.go:120.16,122.3 1 0
github.com/docker/libchan/bus/bus.go:123.12,128.17 3 1
github.com/docker/libchan/bus/bus.go:133.3,134.50 2 1
github.com/docker/libchan/bus/bus.go:139.3,141.53 2 1
github.com/docker/libchan/bus/bus.go:146.3,146.7 1 1
github.com/docker/libchan/bus/bus.go:128.17,131.4 2 0
github.com/docker/libchan/bus/bus.go:134.50,137.4 2 0
github.com/docker/libchan/bus/bus.go:141.53,144.4 2 0
github.com/docker/libchan/bus/bus.go:146.7,148.56 2 1
github.com/docker/libchan/bus/bus.go:152.4,152.24 1 1
github.com/docker/libchan/bus/bus.go:156.4,159.48 3 1
github.com/docker/libchan/bus/bus.go:172.4,172.48 1 1
github.com/docker/libchan/bus/bus.go:148.56,151.5 2 0
github.com/docker/libchan/bus/bus.go:152.24,155.5 2 0
github.com/docker/libchan/bus/bus.go:159.48,161.5 1 0
github.com/docker/libchan/bus/bus.go:161.6,164.51 2 1
github.com/docker/libchan/bus/bus.go:164.51,167.6 2 0
github.com/docker/libchan/bus/bus.go:167.7,169.6 1 1
github.com/docker/libchan/bus/bus.go:172.48,175.5 2 0
github.com/docker/libchan/bus/bus.go:187.52,188.6 1 0
github.com/docker/libchan/bus/bus.go:188.6,190.17 2 0
github.com/docker/libchan/bus/bus.go:193.3,194.17 2 0
github.com/docker/libchan/bus/bus.go:190.17,192.4 1 0
github.com/docker/libchan/bus/bus.go:194.17,196.4 1 0
github.com/docker/libchan/bus/bus.go:203.61,205.16 2 1
github.com/docker/libchan/bus/bus.go:209.2,210.16 2 1
github.com/docker/libchan/bus/bus.go:214.2,225.53 5 1
github.com/docker/libchan/bus/bus.go:229.2,230.47 2 1
github.com/docker/libchan/bus/bus.go:234.2,234.25 1 1
github.com/docker/libchan/bus/bus.go:238.2,243.8 1 1
github.com/docker/libchan/bus/bus.go:205.16,207.3 1 0
github.com/docker/libchan/bus/bus.go:210.16,212.3 1 0
github.com/docker/libchan/bus/bus.go:225.53,227.3 1 0
github.com/docker/libchan/bus/bus.go:230.47,232.3 1 0
github.com/docker/libchan/bus/bus.go:234.25,236.3 1 0
github.com/docker/libchan/bus/bus.go:249.66,258.47 4 1
github.com/docker/libchan/bus/bus.go:262.2,263.43 2 1
github.com/docker/libchan/bus/bus.go:267.2,267.25 1 1
github.com/docker/libchan/bus/bus.go:271.2,271.18 1 1
github.com/docker/libchan/bus/bus.go:258.47,260.3 1 0
github.com/docker/libchan/bus/bus.go:263.43,265.3 1 0
github.com/docker/libchan/bus/bus.go:267.25,269.3 1 0
github.com/docker/libchan/bus/bus.go:276.63,284.46 3 1
github.com/docker/libchan/bus/bus.go:288.2,290.16 3 1
github.com/docker/libchan/bus/bus.go:293.2,293.25 1 1
github.com/docker/libchan/bus/bus.go:296.2,296.12 1 1
github.com/docker/libchan/bus/bus.go:284.46,286.3 1 0
github.com/docker/libchan/bus/bus.go:290.16,292.3 1 0
github.com/docker/libchan/bus/bus.go:293.25,295.3 1 0
